2017-04-26 17:04:00.769 [main] ERROR org.springframework.web.context.ContextLoader - Context initialization failed
org.springframework.beans.factory.xml.XmlBeanDefinitionStoreException: Line 13 in XML document from file [D:\workspace\JavaProject_lwq_002\jdbctemplate\target\classes\applicationContext-jdbc.xml] is invalid; nested exception is org.xml.sax.SAXParseException; lineNumber: 13; columnNumber: 114; 对实体 "rewriteBatchedStatements" 的引用必须以 ';' 分隔符结尾。
	at org.springframework.beans.factory.xml.XmlBeanDefinitionReader.doLoadBeanDefinitions(XmlBeanDefinitionReader.java:399) ~[spring-beans-4.1.3.RELEASE.jar:4.1.3.RELEASE]
	at org.springframework.beans.factory.xml.XmlBeanDefinitionReader.loadBeanDefinitions(XmlBeanDefinitionReader.java:336) ~[spring-beans-4.1.3.RELEASE.jar:4.1.3.RELEASE]
	at org.springframework.beans.factory.xml.XmlBeanDefinitionReader.loadBeanDefinitions(XmlBeanDefinitionReader.java:304) ~[spring-beans-4.1.3.RELEASE.jar:4.1.3.RELEASE]
	at org.springframework.beans.factory.support.AbstractBeanDefinitionReader.loadBeanDefinitions(AbstractBeanDefinitionReader.java:181) ~[spring-beans-4.1.3.RELEASE.jar:4.1.3.RELEASE]
	at org.springframework.beans.factory.support.AbstractBeanDefinitionReader.loadBeanDefinitions(AbstractBeanDefinitionReader.java:217) ~[spring-beans-4.1.3.RELEASE.jar:4.1.3.RELEASE]
	at org.springframework.beans.factory.support.AbstractBeanDefinitionReader.loadBeanDefinitions(AbstractBeanDefinitionReader.java:188) ~[spring-beans-4.1.3.RELEASE.jar:4.1.3.RELEASE]
	at org.springframework.web.context.support.XmlWebApplicationContext.loadBeanDefinitions(XmlWebApplicationContext.java:125) ~[spring-web-4.1.3.RELEASE.jar:4.1.3.RELEASE]
	at org.springframework.web.context.support.XmlWebApplicationContext.loadBeanDefinitions(XmlWebApplicationContext.java:94) ~[spring-web-4.1.3.RELEASE.jar:4.1.3.RELEASE]
	at org.springframework.context.support.AbstractRefreshableApplicationContext.refreshBeanFactory(AbstractRefreshableApplicationContext.java:129) ~[spring-context-4.1.3.RELEASE.jar:4.1.3.RELEASE]
	at org.springframework.context.support.AbstractApplicationContext.obtainFreshBeanFactory(AbstractApplicationContext.java:537) ~[spring-context-4.1.3.RELEASE.jar:4.1.3.RELEASE]
	at org.springframework.context.support.AbstractApplicationContext.refresh(AbstractApplicationContext.java:452) ~[spring-context-4.1.3.RELEASE.jar:4.1.3.RELEASE]
	at org.springframework.web.context.ContextLoader.configureAndRefreshWebApplicationContext(ContextLoader.java:403) ~[spring-web-4.1.3.RELEASE.jar:4.1.3.RELEASE]
	at org.springframework.web.context.ContextLoader.initWebApplicationContext(ContextLoader.java:306) ~[spring-web-4.1.3.RELEASE.jar:4.1.3.RELEASE]
	at org.springframework.web.context.ContextLoaderListener.contextInitialized(ContextLoaderListener.java:106) [spring-web-4.1.3.RELEASE.jar:4.1.3.RELEASE]
	at org.apache.catalina.core.StandardContext.listenerStart(StandardContext.java:4135) [catalina-6.0.29.jar:6.0.29]
	at org.apache.catalina.core.StandardContext.start(StandardContext.java:4630) [catalina-6.0.29.jar:6.0.29]
	at org.apache.catalina.core.ContainerBase.start(ContainerBase.java:1045) [catalina-6.0.29.jar:6.0.29]
	at org.apache.catalina.core.StandardHost.start(StandardHost.java:785) [catalina-6.0.29.jar:6.0.29]
	at org.apache.catalina.core.ContainerBase.start(ContainerBase.java:1045) [catalina-6.0.29.jar:6.0.29]
	at org.apache.catalina.core.StandardEngine.start(StandardEngine.java:445) [catalina-6.0.29.jar:6.0.29]
	at org.apache.catalina.startup.Embedded.start(Embedded.java:825) [catalina-6.0.29.jar:6.0.29]
	at org.codehaus.mojo.tomcat.AbstractRunMojo.startContainer(AbstractRunMojo.java:558) [tomcat-maven-plugin-1.1.jar:na]
	at org.codehaus.mojo.tomcat.AbstractRunMojo.execute(AbstractRunMojo.java:255) [tomcat-maven-plugin-1.1.jar:na]
	at org.apache.maven.plugin.DefaultBuildPluginManager.executeMojo(DefaultBuildPluginManager.java:133) [maven-core-3.2.1.jar:3.2.1]
	at org.apache.maven.lifecycle.internal.MojoExecutor.execute(MojoExecutor.java:208) [maven-core-3.2.1.jar:3.2.1]
	at org.apache.maven.lifecycle.internal.MojoExecutor.execute(MojoExecutor.java:153) [maven-core-3.2.1.jar:3.2.1]
	at org.apache.maven.lifecycle.internal.MojoExecutor.execute(MojoExecutor.java:145) [maven-core-3.2.1.jar:3.2.1]
	at org.apache.maven.lifecycle.internal.LifecycleModuleBuilder.buildProject(LifecycleModuleBuilder.java:108) [maven-core-3.2.1.jar:3.2.1]
	at org.apache.maven.lifecycle.internal.LifecycleModuleBuilder.buildProject(LifecycleModuleBuilder.java:76) [maven-core-3.2.1.jar:3.2.1]
	at org.apache.maven.lifecycle.internal.builder.singlethreaded.SingleThreadedBuilder.build(SingleThreadedBuilder.java:51) [maven-core-3.2.1.jar:3.2.1]
	at org.apache.maven.lifecycle.internal.LifecycleStarter.execute(LifecycleStarter.java:116) [maven-core-3.2.1.jar:3.2.1]
	at org.apache.maven.DefaultMaven.doExecute(DefaultMaven.java:361) [maven-core-3.2.1.jar:3.2.1]
	at org.apache.maven.DefaultMaven.execute(DefaultMaven.java:155) [maven-core-3.2.1.jar:3.2.1]
	at org.apache.maven.cli.MavenCli.execute(MavenCli.java:584) [maven-embedder-3.2.1.jar:3.2.1]
	at org.apache.maven.cli.MavenCli.doMain(MavenCli.java:213) [maven-embedder-3.2.1.jar:3.2.1]
	at org.apache.maven.cli.MavenCli.main(MavenCli.java:157) [maven-embedder-3.2.1.jar:3.2.1]
	at sun.reflect.NativeMethodAccessorImpl.invoke0(Native Method) ~[na:1.7.0_40]
	at sun.reflect.NativeMethodAccessorImpl.invoke(Unknown Source) ~[na:1.7.0_40]
	at sun.reflect.DelegatingMethodAccessorImpl.invoke(Unknown Source) ~[na:1.7.0_40]
	at java.lang.reflect.Method.invoke(Unknown Source) ~[na:1.7.0_40]
	at org.codehaus.plexus.classworlds.launcher.Launcher.launchEnhanced(Launcher.java:289) [plexus-classworlds-2.5.1.jar:na]
	at org.codehaus.plexus.classworlds.launcher.Launcher.launch(Launcher.java:229) [plexus-classworlds-2.5.1.jar:na]
	at org.codehaus.plexus.classworlds.launcher.Launcher.mainWithExitCode(Launcher.java:415) [plexus-classworlds-2.5.1.jar:na]
	at org.codehaus.plexus.classworlds.launcher.Launcher.main(Launcher.java:356) [plexus-classworlds-2.5.1.jar:na]
Caused by: org.xml.sax.SAXParseException: 对实体 "rewriteBatchedStatements" 的引用必须以 ';' 分隔符结尾。
	at com.sun.org.apache.xerces.internal.util.ErrorHandlerWrapper.createSAXParseException(Unknown Source) ~[na:1.7.0_40]
	at com.sun.org.apache.xerces.internal.util.ErrorHandlerWrapper.fatalError(Unknown Source) ~[na:1.7.0_40]
	at com.sun.org.apache.xerces.internal.impl.XMLErrorReporter.reportError(Unknown Source) ~[na:1.7.0_40]
	at com.sun.org.apache.xerces.internal.impl.XMLErrorReporter.reportError(Unknown Source) ~[na:1.7.0_40]
	at com.sun.org.apache.xerces.internal.impl.XMLScanner.reportFatalError(Unknown Source) ~[na:1.7.0_40]
	at com.sun.org.apache.xerces.internal.impl.XMLScanner.scanAttributeValue(Unknown Source) ~[na:1.7.0_40]
	at com.sun.org.apache.xerces.internal.impl.XMLNSDocumentScannerImpl.scanAttribute(Unknown Source) ~[na:1.7.0_40]
	at com.sun.org.apache.xerces.internal.impl.XMLNSDocumentScannerImpl.scanStartElement(Unknown Source) ~[na:1.7.0_40]
	at com.sun.org.apache.xerces.internal.impl.XMLDocumentFragmentScannerImpl$FragmentContentDriver.next(Unknown Source) ~[na:1.7.0_40]
	at com.sun.org.apache.xerces.internal.impl.XMLDocumentScannerImpl.next(Unknown Source) ~[na:1.7.0_40]
	at com.sun.org.apache.xerces.internal.impl.XMLNSDocumentScannerImpl.next(Unknown Source) ~[na:1.7.0_40]
	at com.sun.org.apache.xerces.internal.impl.XMLDocumentFragmentScannerImpl.scanDocument(Unknown Source) ~[na:1.7.0_40]
	at com.sun.org.apache.xerces.internal.parsers.XML11Configuration.parse(Unknown Source) ~[na:1.7.0_40]
	at com.sun.org.apache.xerces.internal.parsers.XML11Configuration.parse(Unknown Source) ~[na:1.7.0_40]
	at com.sun.org.apache.xerces.internal.parsers.XMLParser.parse(Unknown Source) ~[na:1.7.0_40]
	at com.sun.org.apache.xerces.internal.parsers.DOMParser.parse(Unknown Source) ~[na:1.7.0_40]
	at com.sun.org.apache.xerces.internal.jaxp.DocumentBuilderImpl.parse(Unknown Source) ~[na:1.7.0_40]
	at org.springframework.beans.factory.xml.DefaultDocumentLoader.loadDocument(DefaultDocumentLoader.java:76) ~[spring-beans-4.1.3.RELEASE.jar:4.1.3.RELEASE]
	at org.springframework.beans.factory.xml.XmlBeanDefinitionReader.doLoadDocument(XmlBeanDefinitionReader.java:429) ~[spring-beans-4.1.3.RELEASE.jar:4.1.3.RELEASE]
	at org.springframework.beans.factory.xml.XmlBeanDefinitionReader.doLoadBeanDefinitions(XmlBeanDefinitionReader.java:391) ~[spring-beans-4.1.3.RELEASE.jar:4.1.3.RELEASE]
	... 43 common frames omitted
2017-04-26 17:06:33.912 [main] ERROR org.springframework.web.context.ContextLoader - Context initialization failed
org.springframework.beans.factory.BeanInitializationException: Could not load properties; nested exception is java.io.FileNotFoundException: Could not open ServletContext resource [/redis.properties]
	at org.springframework.context.support.PropertySourcesPlaceholderConfigurer.postProcessBeanFactory(PropertySourcesPlaceholderConfigurer.java:151) ~[spring-context-4.1.3.RELEASE.jar:4.1.3.RELEASE]
	at org.springframework.context.support.PostProcessorRegistrationDelegate.invokeBeanFactoryPostProcessors(PostProcessorRegistrationDelegate.java:265) ~[spring-context-4.1.3.RELEASE.jar:4.1.3.RELEASE]
	at org.springframework.context.support.PostProcessorRegistrationDelegate.invokeBeanFactoryPostProcessors(PostProcessorRegistrationDelegate.java:162) ~[spring-context-4.1.3.RELEASE.jar:4.1.3.RELEASE]
	at org.springframework.context.support.AbstractApplicationContext.invokeBeanFactoryPostProcessors(AbstractApplicationContext.java:606) ~[spring-context-4.1.3.RELEASE.jar:4.1.3.RELEASE]
	at org.springframework.context.support.AbstractApplicationContext.refresh(AbstractApplicationContext.java:462) ~[spring-context-4.1.3.RELEASE.jar:4.1.3.RELEASE]
	at org.springframework.web.context.ContextLoader.configureAndRefreshWebApplicationContext(ContextLoader.java:403) ~[spring-web-4.1.3.RELEASE.jar:4.1.3.RELEASE]
	at org.springframework.web.context.ContextLoader.initWebApplicationContext(ContextLoader.java:306) ~[spring-web-4.1.3.RELEASE.jar:4.1.3.RELEASE]
	at org.springframework.web.context.ContextLoaderListener.contextInitialized(ContextLoaderListener.java:106) [spring-web-4.1.3.RELEASE.jar:4.1.3.RELEASE]
	at org.apache.catalina.core.StandardContext.listenerStart(StandardContext.java:4135) [catalina-6.0.29.jar:6.0.29]
	at org.apache.catalina.core.StandardContext.start(StandardContext.java:4630) [catalina-6.0.29.jar:6.0.29]
	at org.apache.catalina.core.ContainerBase.start(ContainerBase.java:1045) [catalina-6.0.29.jar:6.0.29]
	at org.apache.catalina.core.StandardHost.start(StandardHost.java:785) [catalina-6.0.29.jar:6.0.29]
	at org.apache.catalina.core.ContainerBase.start(ContainerBase.java:1045) [catalina-6.0.29.jar:6.0.29]
	at org.apache.catalina.core.StandardEngine.start(StandardEngine.java:445) [catalina-6.0.29.jar:6.0.29]
	at org.apache.catalina.startup.Embedded.start(Embedded.java:825) [catalina-6.0.29.jar:6.0.29]
	at org.codehaus.mojo.tomcat.AbstractRunMojo.startContainer(AbstractRunMojo.java:558) [tomcat-maven-plugin-1.1.jar:na]
	at org.codehaus.mojo.tomcat.AbstractRunMojo.execute(AbstractRunMojo.java:255) [tomcat-maven-plugin-1.1.jar:na]
	at org.apache.maven.plugin.DefaultBuildPluginManager.executeMojo(DefaultBuildPluginManager.java:133) [maven-core-3.2.1.jar:3.2.1]
	at org.apache.maven.lifecycle.internal.MojoExecutor.execute(MojoExecutor.java:208) [maven-core-3.2.1.jar:3.2.1]
	at org.apache.maven.lifecycle.internal.MojoExecutor.execute(MojoExecutor.java:153) [maven-core-3.2.1.jar:3.2.1]
	at org.apache.maven.lifecycle.internal.MojoExecutor.execute(MojoExecutor.java:145) [maven-core-3.2.1.jar:3.2.1]
	at org.apache.maven.lifecycle.internal.LifecycleModuleBuilder.buildProject(LifecycleModuleBuilder.java:108) [maven-core-3.2.1.jar:3.2.1]
	at org.apache.maven.lifecycle.internal.LifecycleModuleBuilder.buildProject(LifecycleModuleBuilder.java:76) [maven-core-3.2.1.jar:3.2.1]
	at org.apache.maven.lifecycle.internal.builder.singlethreaded.SingleThreadedBuilder.build(SingleThreadedBuilder.java:51) [maven-core-3.2.1.jar:3.2.1]
	at org.apache.maven.lifecycle.internal.LifecycleStarter.execute(LifecycleStarter.java:116) [maven-core-3.2.1.jar:3.2.1]
	at org.apache.maven.DefaultMaven.doExecute(DefaultMaven.java:361) [maven-core-3.2.1.jar:3.2.1]
	at org.apache.maven.DefaultMaven.execute(DefaultMaven.java:155) [maven-core-3.2.1.jar:3.2.1]
	at org.apache.maven.cli.MavenCli.execute(MavenCli.java:584) [maven-embedder-3.2.1.jar:3.2.1]
	at org.apache.maven.cli.MavenCli.doMain(MavenCli.java:213) [maven-embedder-3.2.1.jar:3.2.1]
	at org.apache.maven.cli.MavenCli.main(MavenCli.java:157) [maven-embedder-3.2.1.jar:3.2.1]
	at sun.reflect.NativeMethodAccessorImpl.invoke0(Native Method) ~[na:1.7.0_40]
	at sun.reflect.NativeMethodAccessorImpl.invoke(Unknown Source) ~[na:1.7.0_40]
	at sun.reflect.DelegatingMethodAccessorImpl.invoke(Unknown Source) ~[na:1.7.0_40]
	at java.lang.reflect.Method.invoke(Unknown Source) ~[na:1.7.0_40]
	at org.codehaus.plexus.classworlds.launcher.Launcher.launchEnhanced(Launcher.java:289) [plexus-classworlds-2.5.1.jar:na]
	at org.codehaus.plexus.classworlds.launcher.Launcher.launch(Launcher.java:229) [plexus-classworlds-2.5.1.jar:na]
	at org.codehaus.plexus.classworlds.launcher.Launcher.mainWithExitCode(Launcher.java:415) [plexus-classworlds-2.5.1.jar:na]
	at org.codehaus.plexus.classworlds.launcher.Launcher.main(Launcher.java:356) [plexus-classworlds-2.5.1.jar:na]
Caused by: java.io.FileNotFoundException: Could not open ServletContext resource [/redis.properties]
	at org.springframework.web.context.support.ServletContextResource.getInputStream(ServletContextResource.java:141) ~[spring-web-4.1.3.RELEASE.jar:4.1.3.RELEASE]
	at org.springframework.core.io.support.EncodedResource.getInputStream(EncodedResource.java:143) ~[spring-core-4.1.3.RELEASE.jar:4.1.3.RELEASE]
	at org.springframework.core.io.support.PropertiesLoaderUtils.fillProperties(PropertiesLoaderUtils.java:98) ~[spring-core-4.1.3.RELEASE.jar:4.1.3.RELEASE]
	at org.springframework.core.io.support.PropertiesLoaderSupport.loadProperties(PropertiesLoaderSupport.java:175) ~[spring-core-4.1.3.RELEASE.jar:4.1.3.RELEASE]
	at org.springframework.core.io.support.PropertiesLoaderSupport.mergeProperties(PropertiesLoaderSupport.java:156) ~[spring-core-4.1.3.RELEASE.jar:4.1.3.RELEASE]
	at org.springframework.context.support.PropertySourcesPlaceholderConfigurer.postProcessBeanFactory(PropertySourcesPlaceholderConfigurer.java:142) ~[spring-context-4.1.3.RELEASE.jar:4.1.3.RELEASE]
	... 37 common frames omitted
