2017-04-27 10:17:39.415 [http-8080-2] WARN  net.sf.json.JSONObject - Tried to assign property nanos:java.lang.Integer to bean of class java.lang.String
2017-04-27 10:17:39.416 [http-8080-2] WARN  net.sf.json.JSONObject - Tried to assign property time:java.lang.Long to bean of class java.lang.String
2017-04-27 10:17:39.416 [http-8080-2] WARN  net.sf.json.JSONObject - Tried to assign property minutes:java.lang.Integer to bean of class java.lang.String
2017-04-27 10:17:39.416 [http-8080-2] WARN  net.sf.json.JSONObject - Tried to assign property seconds:java.lang.Integer to bean of class java.lang.String
2017-04-27 10:17:39.416 [http-8080-2] WARN  net.sf.json.JSONObject - Tried to assign property hours:java.lang.Integer to bean of class java.lang.String
2017-04-27 10:17:39.416 [http-8080-2] WARN  net.sf.json.JSONObject - Tried to assign property month:java.lang.Integer to bean of class java.lang.String
2017-04-27 10:17:39.417 [http-8080-2] WARN  net.sf.json.JSONObject - Tried to assign property year:java.lang.Integer to bean of class java.lang.String
2017-04-27 10:17:39.417 [http-8080-2] WARN  net.sf.json.JSONObject - Tried to assign property timezoneOffset:java.lang.Integer to bean of class java.lang.String
2017-04-27 10:17:39.417 [http-8080-2] WARN  net.sf.json.JSONObject - Tried to assign property day:java.lang.Integer to bean of class java.lang.String
2017-04-27 10:17:39.417 [http-8080-2] WARN  net.sf.json.JSONObject - Tried to assign property date:java.lang.Integer to bean of class java.lang.String
2017-04-27 10:17:39.417 [http-8080-2] WARN  net.sf.json.JSONObject - Tried to assign property nanos:java.lang.Integer to bean of class java.lang.String
2017-04-27 10:17:39.418 [http-8080-2] WARN  net.sf.json.JSONObject - Tried to assign property time:java.lang.Long to bean of class java.lang.String
2017-04-27 10:17:39.418 [http-8080-2] WARN  net.sf.json.JSONObject - Tried to assign property minutes:java.lang.Integer to bean of class java.lang.String
2017-04-27 10:17:39.418 [http-8080-2] WARN  net.sf.json.JSONObject - Tried to assign property seconds:java.lang.Integer to bean of class java.lang.String
2017-04-27 10:17:39.418 [http-8080-2] WARN  net.sf.json.JSONObject - Tried to assign property hours:java.lang.Integer to bean of class java.lang.String
2017-04-27 10:17:39.418 [http-8080-2] WARN  net.sf.json.JSONObject - Tried to assign property month:java.lang.Integer to bean of class java.lang.String
2017-04-27 10:17:39.418 [http-8080-2] WARN  net.sf.json.JSONObject - Tried to assign property year:java.lang.Integer to bean of class java.lang.String
2017-04-27 10:17:39.419 [http-8080-2] WARN  net.sf.json.JSONObject - Tried to assign property timezoneOffset:java.lang.Integer to bean of class java.lang.String
2017-04-27 10:17:39.419 [http-8080-2] WARN  net.sf.json.JSONObject - Tried to assign property day:java.lang.Integer to bean of class java.lang.String
2017-04-27 10:17:39.419 [http-8080-2] WARN  net.sf.json.JSONObject - Tried to assign property date:java.lang.Integer to bean of class java.lang.String
2017-04-27 10:47:37.678 [http-8080-2] WARN  net.sf.json.JSONObject - Tried to assign property nanos:java.lang.Integer to bean of class java.util.Date
2017-04-27 10:47:37.679 [http-8080-2] WARN  net.sf.json.JSONObject - Tried to assign property nanos:java.lang.Integer to bean of class java.util.Date
2017-04-27 10:47:37.680 [http-8080-2] WARN  net.sf.json.JSONObject - Tried to assign property nanos:java.lang.Integer to bean of class java.util.Date
2017-04-27 10:47:37.680 [http-8080-2] WARN  net.sf.json.JSONObject - Tried to assign property nanos:java.lang.Integer to bean of class java.util.Date
2017-04-27 10:48:27.077 [http-8080-2] WARN  net.sf.json.JSONObject - Tried to assign property nanos:java.lang.Integer to bean of class java.util.Date
2017-04-27 10:48:27.077 [http-8080-2] WARN  net.sf.json.JSONObject - Tried to assign property nanos:java.lang.Integer to bean of class java.util.Date
2017-04-27 10:48:27.078 [http-8080-2] WARN  net.sf.json.JSONObject - Tried to assign property nanos:java.lang.Integer to bean of class java.util.Date
2017-04-27 10:48:27.079 [http-8080-2] WARN  net.sf.json.JSONObject - Tried to assign property nanos:java.lang.Integer to bean of class java.util.Date
2017-04-27 10:48:43.799 [http-8080-2] WARN  net.sf.json.JSONObject - Tried to assign property nanos:java.lang.Integer to bean of class java.util.Date
2017-04-27 10:48:43.800 [http-8080-2] WARN  net.sf.json.JSONObject - Tried to assign property nanos:java.lang.Integer to bean of class java.util.Date
2017-04-27 10:48:43.801 [http-8080-2] WARN  net.sf.json.JSONObject - Tried to assign property nanos:java.lang.Integer to bean of class java.util.Date
2017-04-27 10:48:43.802 [http-8080-2] WARN  net.sf.json.JSONObject - Tried to assign property nanos:java.lang.Integer to bean of class java.util.Date
2017-04-27 10:49:49.589 [http-8080-1] WARN  net.sf.json.JSONObject - Tried to assign property nanos:java.lang.Integer to bean of class java.util.Date
2017-04-27 10:49:49.590 [http-8080-1] WARN  net.sf.json.JSONObject - Tried to assign property nanos:java.lang.Integer to bean of class java.util.Date
2017-04-27 10:49:49.591 [http-8080-1] WARN  net.sf.json.JSONObject - Tried to assign property nanos:java.lang.Integer to bean of class java.util.Date
2017-04-27 10:49:49.592 [http-8080-1] WARN  net.sf.json.JSONObject - Tried to assign property nanos:java.lang.Integer to bean of class java.util.Date
